*************add python path to current direction***********
Traceback (most recent call last):
  File "flow/visualize/new_rllib_visualizer.py", line 25, in <module>
    import ray
ModuleNotFoundError: No module named 'ray'
Traceback (most recent call last):
  File "flow/visualize/new_rllib_visualizer.py", line 25, in <module>
    import ray
ModuleNotFoundError: No module named 'ray'
Traceback (most recent call last):
  File "flow/visualize/new_rllib_visualizer.py", line 25, in <module>
    import ray
ModuleNotFoundError: No module named 'ray'
Traceback (most recent call last):
  File "flow/visualize/new_rllib_visualizer.py", line 25, in <module>
    import ray
ModuleNotFoundError: No module named 'ray'
Traceback (most recent call last):
  File "flow/visualize/new_rllib_visualizer.py", line 25, in <module>
    import ray
ModuleNotFoundError: No module named 'ray'
Traceback (most recent call last):
  File "flow/visualize/new_rllib_visualizer.py", line 25, in <module>
    import ray
ModuleNotFoundError: No module named 'ray'
Traceback (most recent call last):
  File "flow/visualize/new_rllib_visualizer.py", line 25, in <module>
    import ray
ModuleNotFoundError: No module named 'ray'
Traceback (most recent call last):
  File "flow/visualize/new_rllib_visualizer.py", line 25, in <module>
    import ray
ModuleNotFoundError: No module named 'ray'
Traceback (most recent call last):
  File "flow/visualize/new_rllib_visualizer.py", line 25, in <module>
    import ray
ModuleNotFoundError: No module named 'ray'
Traceback (most recent call last):
  File "flow/visualize/new_rllib_visualizer.py", line 25, in <module>
    import ray
ModuleNotFoundError: No module named 'ray'
Traceback (most recent call last):
  File "flow/visualize/new_rllib_visualizer.py", line 25, in <module>
    import ray
ModuleNotFoundError: No module named 'ray'
Traceback (most recent call last):
  File "flow/visualize/new_rllib_visualizer.py", line 25, in <module>
    import ray
ModuleNotFoundError: No module named 'ray'
Traceback (most recent call last):
  File "flow/visualize/new_rllib_visualizer.py", line 25, in <module>
    import ray
ModuleNotFoundError: No module named 'ray'
